Server Started at 09:27PM March 23, 2017 

Got a connection from ('127.0.0.1', 50108)at 09:28PM March 23, 2017 
 Commands Executed:
1. index longlist
2. 
Server Started at 09:28PM March 23, 2017 

Got a connection from ('127.0.0.1', 36842)at 09:29PM March 23, 2017 
 Commands Executed:
1. index longlist
2. 
Server Started at 09:30PM March 23, 2017 

Got a connection from ('127.0.0.1', 36844)at 09:30PM March 23, 2017 
 Commands Executed:
1. index longlist
2. 
Server Started at 09:30PM March 23, 2017 

Got a connection from ('127.0.0.1', 50114)at 09:30PM March 23, 2017 
 Commands Executed:
1. index longlist
2. 
Server Started at 09:32PM March 23, 2017 

Got a connection from ('127.0.0.1', 50116)at 09:32PM March 23, 2017 
 Commands Executed:
1. index longlist
Connection Closed at 09:33PM March 23, 2017 

Server Closed at 09:33PM March 23, 2017 

Server Started at 09:33PM March 23, 2017 

Got a connection from ('127.0.0.1', 50118)at 09:33PM March 23, 2017 
 Commands Executed:
1. index longlist
Connection Closed at 09:34PM March 23, 2017 

Server Closed at 09:34PM March 23, 2017 

Server Started at 09:35PM March 23, 2017 

Got a connection from ('127.0.0.1', 50120)at 09:35PM March 23, 2017 
 Commands Executed:
1. index longlist
2. 
Server Started at 09:36PM March 23, 2017 

Got a connection from ('127.0.0.1', 50122)at 09:36PM March 23, 2017 
 Commands Executed:
1. index longlist
Connection Closed at 09:37PM March 23, 2017 

Server Closed at 09:37PM March 23, 2017 

Server Started at 09:37PM March 23, 2017 

Got a connection from ('127.0.0.1', 50124)at 09:37PM March 23, 2017 
 Commands Executed:
1. index longlist
2. 
Server Started at 09:40PM March 23, 2017 

Got a connection from ('127.0.0.1', 50126)at 09:40PM March 23, 2017 
 Commands Executed:
1. index longlist
2. 
Server Started at 09:43PM March 23, 2017 

Got a connection from ('127.0.0.1', 50128)at 09:43PM March 23, 2017 
 Commands Executed:
1. index longlist
Connection Closed at 09:43PM March 23, 2017 

Server Closed at 09:43PM March 23, 2017 

Server Started at 09:45PM March 23, 2017 

Got a connection from ('127.0.0.1', 50130)at 09:45PM March 23, 2017 
 Commands Executed:
1. index longlist
2. 
Server Started at 09:46PM March 23, 2017 

Got a connection from ('127.0.0.1', 50132)at 09:46PM March 23, 2017 
 Commands Executed:
1. index longlist
2. 
Server Started at 09:49PM March 23, 2017 

Got a connection from ('127.0.0.1', 50134)at 09:49PM March 23, 2017 
 Commands Executed:
1. index longlist
Connection Closed at 09:49PM March 23, 2017 

Server Closed at 09:49PM March 23, 2017 

Server Started at 09:51PM March 23, 2017 

Got a connection from ('127.0.0.1', 50136)at 09:51PM March 23, 2017 
 Commands Executed:
1. index longlist
Connection Closed at 09:51PM March 23, 2017 

Server Closed at 09:51PM March 23, 2017 

Server Started at 10:03PM March 23, 2017 

Got a connection from ('127.0.0.1', 50156)at 10:03PM March 23, 2017 
 Commands Executed:
1. index longlist
Connection Closed at 10:05PM March 23, 2017 

Server Closed at 10:05PM March 23, 2017 

Server Started at 10:05PM March 23, 2017 

Got a connection from ('127.0.0.1', 50158)at 10:05PM March 23, 2017 
 Commands Executed:
1. index longlist
Connection Closed at 10:06PM March 23, 2017 

Server Closed at 10:06PM March 23, 2017 

Server Started at 10:06PM March 23, 2017 

Got a connection from ('127.0.0.1', 51476)at 10:06PM March 23, 2017 
 Commands Executed:
1. index longlist
Connection Closed at 10:06PM March 23, 2017 

Server Closed at 10:06PM March 23, 2017 

Server Started at 10:08PM March 23, 2017 

Got a connection from ('127.0.0.1', 51478)at 10:08PM March 23, 2017 
 Commands Executed:
1. index longlist
Connection Closed at 10:09PM March 23, 2017 

Server Closed at 10:09PM March 23, 2017 

Server Started at 10:09PM March 23, 2017 

Got a connection from ('127.0.0.1', 48432)at 10:09PM March 23, 2017 
 Commands Executed:
1. index longlist
2. 
Server Started at 10:11PM March 23, 2017 

Got a connection from ('127.0.0.1', 48436)at 10:11PM March 23, 2017 
 Commands Executed:
1. index longlist
2. 
Server Started at 10:15PM March 23, 2017 

Got a connection from ('127.0.0.1', 51490)at 10:15PM March 23, 2017 
 Commands Executed:
1. index longlist
2. 
Server Started at 10:16PM March 23, 2017 

Got a connection from ('127.0.0.1', 51492)at 10:16PM March 23, 2017 
 Commands Executed:
1. index longlist
Connection Closed at 10:16PM March 23, 2017 

Server Closed at 10:16PM March 23, 2017 

Server Started at 10:17PM March 23, 2017 

Got a connection from ('127.0.0.1', 48446)at 10:17PM March 23, 2017 
 Commands Executed:
1. index longlist
2. 
Server Started at 10:17PM March 23, 2017 

Got a connection from ('127.0.0.1', 50180)at 10:17PM March 23, 2017 
 Commands Executed:
1. index longlist
2. 
Server Started at 10:20PM March 23, 2017 

Got a connection from ('127.0.0.1', 50184)at 10:20PM March 23, 2017 
 Commands Executed:
1. index longlist
2. 
Server Started at 10:22PM March 23, 2017 

Got a connection from ('127.0.0.1', 50186)at 10:22PM March 23, 2017 
 Commands Executed:
1. index longlist
2. 
Server Started at 10:23PM March 23, 2017 

Got a connection from ('127.0.0.1', 50190)at 10:23PM March 23, 2017 
 Commands Executed:
1. index longlist
2. 
Server Started at 10:26PM March 23, 2017 

Got a connection from ('127.0.0.1', 50192)at 10:26PM March 23, 2017 
 Commands Executed:
1. index longlis
2. 
Server Started at 10:26PM March 23, 2017 

Got a connection from ('127.0.0.1', 50194)at 10:26PM March 23, 2017 
 Commands Executed:
1. index longlist
2. 
Server Started at 10:27PM March 23, 2017 

Got a connection from ('127.0.0.1', 50196)at 10:27PM March 23, 2017 
 Commands Executed:
1. index longlist
2. 
Server Started at 10:28PM March 23, 2017 

Got a connection from ('127.0.0.1', 50200)at 10:28PM March 23, 2017 
 Commands Executed:
1. index longlist
2. 
Server Started at 10:28PM March 23, 2017 

Got a connection from ('127.0.0.1', 50202)at 10:29PM March 23, 2017 
 Commands Executed:
1. index longlist
2. 
Server Started at 10:31PM March 23, 2017 

Got a connection from ('127.0.0.1', 50256)at 10:31PM March 23, 2017 
 Commands Executed:
1. index longlist
2. Received
3. hash checkall
4. hash verify ./a.txt
5. 
Server Started at 10:34PM March 23, 2017 

Got a connection from ('127.0.0.1', 50258)at 10:35PM March 23, 2017 
 Commands Executed:
1. index longlist
2. Received
3. index shortlist 2017-03-22 23:19:20.511031179 2017-03-23 17:05:25.552048816
4. Received
5. download UDP ./b.txt
6. 
Server Started at 10:52PM March 23, 2017 

Got a connection from ('127.0.0.1', 50260)at 10:52PM March 23, 2017 
 Commands Executed:
1. index longlist
2. Received
Connection Closed at 10:52PM March 23, 2017 

Server Closed at 10:52PM March 23, 2017 

Server Started at 11:36PM March 23, 2017 

Got a connection from ('127.0.0.1', 50262)at 11:36PM March 23, 2017 
 Commands Executed:
1. index longlist
Server Started at 11:37PM March 23, 2017 

Got a connection from ('127.0.0.1', 50264)at 11:37PM March 23, 2017 
 Commands Executed:
1. index longlist
2. Received
Connection Closed at 11:39PM March 23, 2017 

Server Closed at 11:39PM March 23, 2017 

Server Started at 11:39PM March 23, 2017 

Got a connection from ('127.0.0.1', 50266)at 11:39PM March 23, 2017 
 Commands Executed:
1. index longlist
2. Received
3. Received
Connection Closed at 11:39PM March 23, 2017 

Server Closed at 11:39PM March 23, 2017 

